<?xml version="1.0" encoding="UTF-8"?>
<!-- Generated by org.testng.reporters.JUnitReportReporter -->
<testsuite hostname="DESKTOP-EERJMDS" failures="0" tests="2" name="tuto.eclipse.jal.selenium.ng.TestBookingNG" time="16.150" errors="0" timestamp="04 juin 2019 08:29:47 GMT" skipped="0">
  <testcase classname="tuto.eclipse.jal.selenium.ng.TestBookingNG" name="verifyHomepageTitle" time="2.214"/>
  <testcase classname="tuto.eclipse.jal.selenium.ng.TestBookingNG" name="verifyWeFindFlights" time="13.936"/>
</testsuite> <!-- tuto.eclipse.jal.selenium.ng.TestBookingNG -->
